06/30/19, 16:46:13, 4, 0, :File not found.
06/30/19, 16:46:14, 4, 0, :File not found.
07/10/19, 14:33:20, 4, 0, :File not found.
07/10/19, 14:33:21, 4, 0, :File not found.
07/10/19, 14:34:14, 4, 0, :File not found.
07/10/19, 14:34:14, 4, 0, :File not found.
07/10/19, 14:36:46, 4, 0, :File not found.
07/10/19, 14:36:46, 4, 0, :File not found.
07/10/19, 14:37:15, 4, 0, :File not found.
07/10/19, 14:37:38, 4, 0, D:\Aplikasi Penjualan - Copy\AppPenjualan\AppPenjualan\bin\Debug\laporan-penjualan-harian.rpt:A date range is required here.
07/10/19, 14:38:22, 4, 0, D:\Aplikasi Penjualan - Copy\AppPenjualan\AppPenjualan\bin\Debug\laporan-penjualan-harian.rpt:A date range is required here.
07/11/19, 08:12:21, 4, 0, :File not found.
07/11/19, 08:12:21, 4, 0, :File not found.
07/11/19, 08:17:50, 4, 0, :File not found.
07/11/19, 08:17:50, 4, 0, :File not found.
07/11/19, 08:18:26, 4, 0, D:\Aplikasi Penjualan - Copy\AppPenjualan\AppPenjualan\bin\Debug\lap-jual-bulanan.rpt:This field name is not known.
07/11/19, 08:19:39, 4, 0, D:\Aplikasi Penjualan - Copy\AppPenjualan\AppPenjualan\bin\Debug\lap-jual-bulanan.rpt:This field name is not known.
07/11/19, 08:22:38, 4, 0, :File not found.
07/11/19, 08:22:38, 4, 0, :File not found.
07/11/19, 08:23:17, 4, 0, D:\Aplikasi Penjualan - Copy\AppPenjualan\AppPenjualan\bin\Debug\lap-jual-harian.rpt:A date-time is required here.
07/11/19, 08:25:06, 4, 0, D:\Aplikasi Penjualan - Copy\AppPenjualan\AppPenjualan\bin\Debug\lap-jual-harian.rpt:A date-time is required here.
07/20/19, 12:48:01, 4, 0, D:\Aplikasi Penjualan - Copy\AppPenjualan\AppPenjualan\bin\Debug\lap-jual-harian.rpt:A date-time is required here.
07/20/19, 12:56:48, 4, 0, D:\Aplikasi Penjualan - Copy\AppPenjualan\AppPenjualan\bin\Debug\lap-jual-harian.rpt:A date-time is required here.
07/20/19, 13:42:47, 4, 0, D:\Aplikasi Penjualan - Copy\AppPenjualan\AppPenjualan\bin\Debug\lap-jual-mingguan.rpt:The remaining text does not appear to be part of the formula.
07/20/19, 13:43:49, 4, 0, D:\Aplikasi Penjualan - Copy\AppPenjualan\AppPenjualan\bin\Debug\lap-jual-mingguan.rpt:The remaining text does not appear to be part of the formula.
07/20/19, 13:44:09, 4, 0, D:\Aplikasi Penjualan - Copy\AppPenjualan\AppPenjualan\bin\Debug\lap-jual-mingguan.rpt:The ) is missing.
07/21/19, 18:43:09, 4, 0, D:\Aplikasi Penjualan - Copy\AppPenjualan\AppPenjualan\bin\Debug\lap-data-pelanggan.rpt:This field name is not known.
07/21/19, 18:43:25, 4, 0, D:\Aplikasi Penjualan - Copy\AppPenjualan\AppPenjualan\bin\Debug\lap-data-pelanggan.rpt:This field name is not known.
07/21/19, 19:00:19, 4, 0, D:\Aplikasi Penjualan - Copy\AppPenjualan\AppPenjualan\bin\Debug\lap-data-pelanggan.rpt:This field name is not known.
07/21/19, 19:04:10, 4, 0, D:\Aplikasi Penjualan - Copy\AppPenjualan\AppPenjualan\bin\Debug\lap-data-barang.rpt:This field name is not known.
07/21/19, 19:04:23, 4, 0, D:\Aplikasi Penjualan - Copy\AppPenjualan\AppPenjualan\bin\Debug\lap-data-barang.rpt:This field name is not known.
07/21/19, 19:04:42, 4, 0, D:\Aplikasi Penjualan - Copy\AppPenjualan\AppPenjualan\bin\Debug\lap-data-admin.rpt:This field name is not known.
07/21/19, 19:09:26, 4, 0, D:\Aplikasi Penjualan - Copy\AppPenjualan\AppPenjualan\bin\Debug\lap-data-admin.rpt:This field name is not known.
07/21/19, 19:09:53, 4, 0, D:\Aplikasi Penjualan - Copy\AppPenjualan\AppPenjualan\bin\Debug\lap-data-admin.rpt:This field name is not known.
07/21/19, 19:54:19, 4, 0, D:\Aplikasi Penjualan - Copy\AppPenjualan\AppPenjualan\bin\Debug\lap-piutang.rpt:A string is required here.
07/21/19, 19:55:42, 4, 0, D:\Aplikasi Penjualan - Copy\AppPenjualan\AppPenjualan\bin\Debug\lap-piutang.rpt:A string is required here.
07/21/19, 20:56:45, 4, 0, D:\Aplikasi Penjualan - Copy\AppPenjualan\AppPenjualan\bin\Debug\lap-data-barang.rpt:This field name is not known.
07/25/19, 16:30:12, 4, 0, D:\Aplikasi Penjualan - Copy\AppPenjualan\AppPenjualan\bin\Debug\lap-data-barang.rpt:This field name is not known.
02/28/20, 11:31:15, 4, 0, H:\Backup\Backup PI Fix Imam\Aplikasi Penjualan Toko Muti\AppPenjualan\AppPenjualan\bin\Debug\lap-jual-harian.rpt:Server has not yet been opened.
02/28/20, 11:36:05, 4, 0, H:\Backup\Backup PI Fix Imam\Aplikasi Penjualan Toko Muti\AppPenjualan\AppPenjualan\bin\Debug\lap-jual-harian.rpt:Server has not yet been opened.
02/28/20, 11:42:33, 4, 0, H:\Backup\Backup PI Fix Imam\Aplikasi Penjualan Toko Muti\AppPenjualan\AppPenjualan\bin\Debug\lap-jual-bulanan.rpt:Server has not yet been opened.
02/28/20, 11:45:51, 4, 0, H:\Backup\Backup PI Fix Imam\Aplikasi Penjualan Toko Muti\AppPenjualan\AppPenjualan\bin\Debug\lap-data-admin.rpt:Server has not yet been opened.
02/28/20, 11:56:05, 4, 0, H:\Backup\Backup PI Fix Imam\Aplikasi Penjualan Toko Muti\AppPenjualan\AppPenjualan\bin\Debug\lap-data-pelanggan.rpt:Server has not yet been opened.
02/28/20, 12:01:22, 4, 0, H:\Backup\Backup PI Fix Imam\Aplikasi Penjualan Toko Muti\AppPenjualan\AppPenjualan\bin\Debug\lap-data-pelanggan.rpt:Server has not yet been opened.
02/28/20, 12:03:59, 4, 0, H:\Backup\Backup PI Fix Imam\Aplikasi Penjualan Toko Muti\AppPenjualan\AppPenjualan\bin\Debug\notajual.rpt:Server has not yet been opened.
02/28/20, 12:10:57, 4, 0, H:\Backup\Backup PI Fix Imam\Aplikasi Penjualan Toko Muti\AppPenjualan\AppPenjualan\bin\Debug\lap-data-pelanggan.rpt:Server has not yet been opened.
02/28/20, 14:03:21, 4, 0, H:\Backup\Backup PI Fix Imam\Aplikasi Penjualan Toko Muti\AppPenjualan\AppPenjualan\bin\Debug\lap-data-pelanggan.rpt:Server has not yet been opened.
